
=== Mon Jan 11 12:40:03 2021

Packages were changed.
Update Mode: mergeDefaultDependencies

The following packages were added:
  com.unity.collab-proxy@1.3.9
  com.unity.ide.rider@1.2.1
  com.unity.ide.visualstudio@2.0.5
  com.unity.ide.vscode@1.2.3
  com.unity.modules.ai@1.0.0
  com.unity.modules.androidjni@1.0.0
  com.unity.modules.animation@1.0.0
  com.unity.modules.assetbundle@1.0.0
  com.unity.modules.audio@1.0.0
  com.unity.modules.cloth@1.0.0
  com.unity.modules.director@1.0.0
  com.unity.modules.imageconversion@1.0.0
  com.unity.modules.imgui@1.0.0
  com.unity.modules.jsonserialize@1.0.0
  com.unity.modules.particlesystem@1.0.0
  com.unity.modules.physics@1.0.0
  com.unity.modules.physics2d@1.0.0
  com.unity.modules.screencapture@1.0.0
  com.unity.modules.terrain@1.0.0
  com.unity.modules.terrainphysics@1.0.0
  com.unity.modules.tilemap@1.0.0
  com.unity.modules.ui@1.0.0
  com.unity.modules.uielements@1.0.0
  com.unity.modules.umbra@1.0.0
  com.unity.modules.unityanalytics@1.0.0
  com.unity.modules.unitywebrequest@1.0.0
  com.unity.modules.unitywebrequestassetbundle@1.0.0
  com.unity.modules.unitywebrequestaudio@1.0.0
  com.unity.modules.unitywebrequesttexture@1.0.0
  com.unity.modules.unitywebrequestwww@1.0.0
  com.unity.modules.vehicles@1.0.0
  com.unity.modules.video@1.0.0
  com.unity.modules.vr@1.0.0
  com.unity.modules.wind@1.0.0
  com.unity.modules.xr@1.0.0
  com.unity.test-framework@1.1.19
  com.unity.textmeshpro@3.0.1
  com.unity.timeline@1.3.6
  com.unity.ugui@1.0.0
The following packages were updated:
  com.unity.2d.animation from version 4.2.5 to 4.2.6
  com.unity.2d.psdimporter from version 3.1.5 to 3.1.6
  com.unity.2d.spriteshape from version 4.1.3 to 4.1.4

=== Wed Mar  3 16:22:45 2021

Packages were changed.
Update Mode: updateDependencies

The following packages were updated:
  com.unity.2d.animation from version 4.2.6 to 5.0.4
  com.unity.2d.pixel-perfect from version 3.0.2 to 4.0.1
  com.unity.2d.psdimporter from version 3.1.6 to 4.0.2
  com.unity.2d.spriteshape from version 4.1.4 to 5.1.1
  com.unity.ide.rider from version 1.2.1 to 2.0.7
  com.unity.render-pipelines.universal from version 8.3.1 to 10.3.1
  com.unity.test-framework from version 1.1.19 to 1.1.22
  com.unity.timeline from version 1.3.6 to 1.4.6

=== Wed May 26 22:38:42 2021

Packages were changed.
Update Mode: updateDependencies

The following packages were updated:
  com.unity.ide.visualstudio from version 2.0.5 to 2.0.7
  com.unity.recorder from version 2.5.4 to 2.5.5
  com.unity.render-pipelines.universal from version 10.3.2 to 10.5.0
  com.unity.test-framework from version 1.1.22 to 1.1.24
  com.unity.timeline from version 1.4.6 to 1.4.7

=== Thu Aug 19 01:55:00 2021

Packages were changed.
Update Mode: updateDependencies

The following packages were updated:
  com.unity.2d.animation from version 5.0.4 to 6.0.4
  com.unity.2d.pixel-perfect from version 4.0.1 to 5.0.0
  com.unity.2d.psdimporter from version 4.0.2 to 5.0.4
  com.unity.2d.spriteshape from version 5.1.1 to 6.0.1
  com.unity.2d.tilemap.extras from version 1.7.0-preview to 2.0.0
  com.unity.cinemachine from version 2.6.4 to 2.7.4
  com.unity.collab-proxy from version 1.3.9 to 1.7.1
  com.unity.render-pipelines.universal from version 10.5.0 to 11.0.0
  com.unity.test-framework from version 1.1.24 to 1.1.27
  com.unity.textmeshpro from version 3.0.1 to 3.0.6
  com.unity.timeline from version 1.4.7 to 1.5.6
The following packages were removed:
  com.unity.device-simulator@2.2.4-preview

=== Fri Sep 17 18:16:01 2021

Packages were changed.
Update Mode: resetToDefaultDependencies

The following packages were added:
  com.unity.ide.rider@2.0.7
  com.unity.ide.visualstudio@2.0.11
The following packages were updated:
  com.unity.collab-proxy from version 1.7.1 to 1.9.0
  com.unity.test-framework from version 1.1.27 to 1.1.29
  com.unity.timeline from version 1.5.6 to 1.4.8
The following packages were removed:
  com.unity.2d.animation@6.0.4
  com.unity.2d.pixel-perfect@5.0.0
  com.unity.2d.psdimporter@5.0.4
  com.unity.2d.sprite@1.0.0
  com.unity.2d.spriteshape@6.0.1
  com.unity.2d.tilemap@1.0.0
  com.unity.2d.tilemap.extras@2.0.0
  com.unity.cinemachine@file:E:/New folder/Compressed/com.unity.cinemachine-master/com.unity.cinemachine-master
  com.unity.recorder@2.5.5
  com.unity.render-pipelines.universal@11.0.0
  com.unity.toolchain.linux-x86_64@0.1.18-preview

=== Tue Jan 31 03:18:34 2023

Packages were changed.
Update Mode: updateDependencies

The following packages were updated:
  com.unity.cinemachine from version 2.6.10 to 2.8.9
  com.unity.collab-proxy from version 1.9.0 to 1.17.7
  com.unity.ide.rider from version 2.0.7 to 3.0.16
  com.unity.ide.visualstudio from version 2.0.11 to 2.0.16
  com.unity.ide.vscode from version 1.2.3 to 1.2.5
  com.unity.render-pipelines.universal from version 10.6.0 to 12.1.8
  com.unity.test-framework from version 1.1.29 to 1.1.31
  com.unity.timeline from version 1.4.8 to 1.6.4
